0 info it worked if it ends with ok
1 verbose cli [ 'C:\\Program Files\\nodejs\\node.exe',
1 verbose cli   'C:\\Program Files\\nodejs\\node_modules\\npm\\bin\\npm-cli.js',
1 verbose cli   'run',
1 verbose cli   'build' ]
2 info using npm@4.1.2
3 info using node@v7.6.0
4 verbose run-script [ 'prebuild', 'build', 'postbuild' ]
5 info lifecycle tundide@0.0.0~prebuild: tundide@0.0.0
6 silly lifecycle tundide@0.0.0~prebuild: no script for prebuild, continuing
7 info lifecycle tundide@0.0.0~build: tundide@0.0.0
8 verbose lifecycle tundide@0.0.0~build: unsafe-perm in lifecycle true
9 verbose lifecycle tundide@0.0.0~build: PATH: C:\Program Files\nodejs\node_modules\npm\bin\node-gyp-bin;C:\TeamProjects\tundide\node_modules\.bin;C:\Users\mpani\OneDrive\Programas\Programas\cmder\bin;C:\Users\mpani\OneDrive\Programas\Programas\cmder\vendor\conemu-maximus5\ConEmu\Scripts;C:\Users\mpani\OneDrive\Programas\Programas\cmder\vendor\conemu-maximus5;C:\Users\mpani\OneDrive\Programas\Programas\cmder\vendor\conemu-maximus5\ConEmu;C:\Program Files (x86)\Intel\iCLS Client\;C:\Program Files\Intel\iCLS Client\;C:\WINDOWS\system32;C:\WINDOWS;C:\WINDOWS\System32\Wbem;C:\WINDOWS\System32\WindowsPowerShell\v1.0\;C:\Program Files (x86)\Intel\Intel(R) Management Engine Components\DAL;C:\Program Files\Intel\Intel(R) Management Engine Components\DAL;C:\Program Files (x86)\Intel\Intel(R) Management Engine Components\IPT;C:\Program Files\Intel\Intel(R) Management Engine Components\IPT;C:\Program Files\nodejs\;C:\Program Files\Git\cmd;C:\Users\mpani\AppData\Local\Microsoft\WindowsApps;C:\Users\mpani\AppData\Roaming\npm;C:\Program Files\Git\usr\bin;C:\Program Files\Git\usr\share\vim\vim74;C:\Users\mpani\OneDrive\Programas\Programas\cmder\
10 verbose lifecycle tundide@0.0.0~build: CWD: C:\TeamProjects\tundide
11 silly lifecycle tundide@0.0.0~build: Args: [ '/d /s /c',
11 silly lifecycle   'del-cli public/js/app  && webpack --config webpack.config.dev.js --progress --profile --watch' ]
12 silly lifecycle tundide@0.0.0~build: Returned: code: 3221225786  signal: null
13 info lifecycle tundide@0.0.0~build: Failed to exec build script
14 verbose stack Error: tundide@0.0.0 build: `del-cli public/js/app  && webpack --config webpack.config.dev.js --progress --profile --watch`
14 verbose stack Exit status 3221225786
14 verbose stack     at EventEmitter.<anonymous> (C:\Program Files\nodejs\node_modules\npm\lib\utils\lifecycle.js:279:16)
14 verbose stack     at emitTwo (events.js:106:13)
14 verbose stack     at EventEmitter.emit (events.js:192:7)
14 verbose stack     at ChildProcess.<anonymous> (C:\Program Files\nodejs\node_modules\npm\lib\utils\spawn.js:40:14)
14 verbose stack     at emitTwo (events.js:106:13)
14 verbose stack     at ChildProcess.emit (events.js:192:7)
14 verbose stack     at maybeClose (internal/child_process.js:890:16)
14 verbose stack     at Process.ChildProcess._handle.onexit (internal/child_process.js:226:5)
15 verbose pkgid tundide@0.0.0
16 verbose cwd C:\TeamProjects\tundide\bin
17 error Windows_NT 10.0.14393
18 error argv "C:\\Program Files\\nodejs\\node.exe" "C:\\Program Files\\nodejs\\node_modules\\npm\\bin\\npm-cli.js" "run" "build"
19 error node v7.6.0
20 error npm  v4.1.2
21 error code ELIFECYCLE
22 error tundide@0.0.0 build: `del-cli public/js/app  && webpack --config webpack.config.dev.js --progress --profile --watch`
22 error Exit status 3221225786
23 error Failed at the tundide@0.0.0 build script 'del-cli public/js/app  && webpack --config webpack.config.dev.js --progress --profile --watch'.
23 error Make sure you have the latest version of node.js and npm installed.
23 error If you do, this is most likely a problem with the tundide package,
23 error not with npm itself.
23 error Tell the author that this fails on your system:
23 error     del-cli public/js/app  && webpack --config webpack.config.dev.js --progress --profile --watch
23 error You can get information on how to open an issue for this project with:
23 error     npm bugs tundide
23 error Or if that isn't available, you can get their info via:
23 error     npm owner ls tundide
23 error There is likely additional logging output above.
24 verbose exit [ 1, true ]
